<?xml version="1.0" encoding="UTF-8"?>
<!-- Generated by org.testng.reporters.JUnitReportReporter -->
<testsuite hostname="karthik-PC" name="day3.Test3" tests="1" failures="0" timestamp="28 Nov 2016 01:40:31 GMT" time="7.127" errors="0">
  <testcase name="test3" time="7.127" classname="day3.Test3"/>
</testsuite> <!-- day3.Test3 -->
