<?xml version="1.0" encoding="UTF-8"?>
<!-- Generated by org.testng.reporters.JUnitReportReporter -->
<testsuite hostname="karthik-PC" name="day9.Test9" tests="1" failures="0" timestamp="1 Dec 2016 01:15:36 GMT" time="8.465" errors="0">
  <testcase name="test9" time="8.465" classname="day9.Test9"/>
</testsuite> <!-- day9.Test9 -->
