<?xml version="1.0" encoding="UTF-8"?>
<!-- Generated by org.testng.reporters.JUnitReportReporter -->
<testsuite hostname="karthik-PC" name="day6.Test6" tests="1" failures="0" timestamp="29 Nov 2016 00:58:11 GMT" time="24.212" errors="0">
  <testcase name="f" time="24.212" classname="day6.Test6"/>
</testsuite> <!-- day6.Test6 -->
