<?xml version="1.0" encoding="UTF-8"?>
<!-- Generated by org.testng.reporters.JUnitReportReporter -->
<testsuite hostname="karthik-PC" name="day7.Test7" tests="1" failures="0" timestamp="29 Nov 2016 03:02:04 GMT" time="15.225" errors="0">
  <testcase name="test7" time="15.225" classname="day7.Test7"/>
</testsuite> <!-- day7.Test7 -->
