<?xml version="1.0" encoding="UTF-8"?>
<!-- Generated by org.testng.reporters.JUnitReportReporter -->
<testsuite hostname="karthik-PC" name="day10.Test10" tests="1" failures="0" timestamp="7 Dec 2016 00:41:57 GMT" time="13.855" errors="0">
  <testcase name="test10" time="13.855" classname="day10.Test10"/>
</testsuite> <!-- day10.Test10 -->
