<?xml version="1.0" encoding="UTF-8"?>
<!-- Generated by org.testng.reporters.JUnitReportReporter -->
<testsuite hostname="karthik-PC" name="day8.Test8" tests="1" failures="0" timestamp="30 Nov 2016 00:53:18 GMT" time="28.966" errors="0">
  <testcase name="test8" time="28.966" classname="day8.Test8"/>
</testsuite> <!-- day8.Test8 -->
