<?xml version="1.0" encoding="UTF-8"?>
<!-- Generated by org.testng.reporters.JUnitReportReporter -->
<testsuite hostname="karthik-PC" name="day2.Test2" tests="1" failures="0" timestamp="28 Nov 2016 01:05:17 GMT" time="4.116" errors="0">
  <testcase name="test2" time="4.116" classname="day2.Test2"/>
</testsuite> <!-- day2.Test2 -->
