<?xml version="1.0" encoding="UTF-8"?>
<!-- Generated by org.testng.reporters.JUnitReportReporter -->
<testsuite hostname="karthik-PC" name="day5.Test5" tests="1" failures="0" timestamp="29 Nov 2016 00:57:21 GMT" time="9.558" errors="0">
  <testcase name="test5" time="9.558" classname="day5.Test5"/>
</testsuite> <!-- day5.Test5 -->
