<?xml version="1.0" encoding="UTF-8"?>
<!-- Generated by org.testng.reporters.JUnitReportReporter -->
<testsuite hostname="karthik-PC" name="day4.Test4" tests="1" failures="0" timestamp="28 Nov 2016 04:16:01 GMT" time="5.346" errors="0">
  <testcase name="test4" time="5.346" classname="day4.Test4"/>
</testsuite> <!-- day4.Test4 -->
